<?xml version="1.0" encoding="UTF-8"?>
<!-- Generated by org.testng.reporters.JUnitXMLReporter -->
<testsuite hostname="DESKTOP-K8I0AB7" ignored="0" name="Default test" tests="9" failures="0" timestamp="30 Jun 2018 12:29:41 GMT" time="20.106" errors="0">
  <testcase name="titleTest_headerTest" time="0.084" classname="highlevelautomation.AutomationProject"/>
  <testcase name="remove" time="0.371" classname="highlevelautomation.AutomationProject"/>
  <testcase name="label_button_Check" time="0.123" classname="highlevelautomation.AutomationProject"/>
  <testcase name="rowCSVUnix_Check" time="0.075" classname="highlevelautomation.AutomationProject"/>
  <testcase name="checked_Uncheked" time="0.058" classname="highlevelautomation.AutomationProject"/>
  <testcase name="addCity" time="2.156" classname="highlevelautomation.AutomationProject"/>
  <testcase name="addCountry" time="4.527" classname="highlevelautomation.AutomationProject"/>
  <testcase name="downloadData" time="1.879" classname="highlevelautomation.AutomationProject"/>
  <testcase name="uploadFileToEclipse" time="0.13" classname="highlevelautomation.AutomationProject"/>
</testsuite> <!-- Default test -->
