<?xml version="1.0" encoding="UTF-8"?>
<testng-results skipped="0" failed="0" ignored="0" total="9" passed="9">
  <reporter-output>
  </reporter-output>
  <suite name="Default suite" duration-ms="34545" started-at="2018-06-28T20:42:26Z" finished-at="2018-06-28T20:43:01Z">
    <groups>
    </groups>
    <test name="Default test" duration-ms="34545" started-at="2018-06-28T20:42:26Z" finished-at="2018-06-28T20:43:01Z">
      <class name="highlevelautomation.AutomationProject">
        <test-method status="PASS" signature="setUp()[pri:0, instance:highlevelautomation.AutomationProject@42e26948]" name="setUp" is-config="true" duration-ms="22820" started-at="2018-06-28T20:42:26Z" finished-at="2018-06-28T20:42:49Z">
          <reporter-output>
          </reporter-output>
        </test-method> <!-- setUp -->
        <test-method status="PASS" signature="titleTest_headerTest()[pri:1, instance:highlevelautomation.AutomationProject@42e26948]" name="titleTest_headerTest" duration-ms="177" started-at="2018-06-28T20:42:49Z" finished-at="2018-06-28T20:42:49Z">
          <reporter-output>
          </reporter-output>
        </test-method> <!-- titleTest_headerTest -->
        <test-method status="PASS" signature="remove()[pri:2, instance:highlevelautomation.AutomationProject@42e26948]" name="remove" duration-ms="1044" started-at="2018-06-28T20:42:49Z" finished-at="2018-06-28T20:42:50Z">
          <reporter-output>
          </reporter-output>
        </test-method> <!-- remove -->
        <test-method status="PASS" signature="label_button_Check()[pri:3, instance:highlevelautomation.AutomationProject@42e26948]" name="label_button_Check" duration-ms="231" started-at="2018-06-28T20:42:50Z" finished-at="2018-06-28T20:42:50Z">
          <reporter-output>
          </reporter-output>
        </test-method> <!-- label_button_Check -->
        <test-method status="PASS" signature="rowCSVUnix_Check()[pri:4, instance:highlevelautomation.AutomationProject@42e26948]" name="rowCSVUnix_Check" duration-ms="152" started-at="2018-06-28T20:42:50Z" finished-at="2018-06-28T20:42:51Z">
          <reporter-output>
          </reporter-output>
        </test-method> <!-- rowCSVUnix_Check -->
        <test-method status="PASS" signature="checked_Uncheked()[pri:5, instance:highlevelautomation.AutomationProject@42e26948]" name="checked_Uncheked" duration-ms="109" started-at="2018-06-28T20:42:51Z" finished-at="2018-06-28T20:42:51Z">
          <reporter-output>
          </reporter-output>
        </test-method> <!-- checked_Uncheked -->
        <test-method status="PASS" signature="addCity()[pri:6, instance:highlevelautomation.AutomationProject@42e26948]" name="addCity" duration-ms="2738" started-at="2018-06-28T20:42:51Z" finished-at="2018-06-28T20:42:53Z">
          <reporter-output>
          </reporter-output>
        </test-method> <!-- addCity -->
        <test-method status="PASS" signature="addCountry()[pri:7, instance:highlevelautomation.AutomationProject@42e26948]" name="addCountry" duration-ms="4942" started-at="2018-06-28T20:42:53Z" finished-at="2018-06-28T20:42:58Z">
          <reporter-output>
          </reporter-output>
        </test-method> <!-- addCountry -->
        <test-method status="PASS" signature="downloadData()[pri:8, instance:highlevelautomation.AutomationProject@42e26948]" name="downloadData" duration-ms="2085" started-at="2018-06-28T20:42:58Z" finished-at="2018-06-28T20:43:00Z">
          <reporter-output>
          </reporter-output>
        </test-method> <!-- downloadData -->
        <test-method status="PASS" signature="uploadFileToEclipse()[pri:9, instance:highlevelautomation.AutomationProject@42e26948]" name="uploadFileToEclipse" duration-ms="177" started-at="2018-06-28T20:43:00Z" finished-at="2018-06-28T20:43:01Z">
          <reporter-output>
          </reporter-output>
        </test-method> <!-- uploadFileToEclipse -->
      </class> <!-- highlevelautomation.AutomationProject -->
    </test> <!-- Default test -->
  </suite> <!-- Default suite -->
</testng-results>
