<?xml version="1.0" encoding="UTF-8"?>
<testng-results skipped="0" failed="0" ignored="0" total="9" passed="9">
  <reporter-output>
  </reporter-output>
  <suite name="Default suite" duration-ms="20106" started-at="2018-06-30T12:29:21Z" finished-at="2018-06-30T12:29:41Z">
    <groups>
    </groups>
    <test name="Default test" duration-ms="20106" started-at="2018-06-30T12:29:21Z" finished-at="2018-06-30T12:29:41Z">
      <class name="highlevelautomation.AutomationProject">
        <test-method status="PASS" signature="setUp()[pri:0, instance:highlevelautomation.AutomationProject@57baeedf]" name="setUp" is-config="true" duration-ms="8476" started-at="2018-06-30T12:29:21Z" finished-at="2018-06-30T12:29:29Z">
          <reporter-output>
          </reporter-output>
        </test-method> <!-- setUp -->
        <test-method status="PASS" signature="titleTest_headerTest()[pri:1, instance:highlevelautomation.AutomationProject@57baeedf]" name="titleTest_headerTest" duration-ms="84" started-at="2018-06-30T12:29:29Z" finished-at="2018-06-30T12:29:29Z">
          <reporter-output>
          </reporter-output>
        </test-method> <!-- titleTest_headerTest -->
        <test-method status="PASS" signature="remove()[pri:2, instance:highlevelautomation.AutomationProject@57baeedf]" name="remove" duration-ms="371" started-at="2018-06-30T12:29:29Z" finished-at="2018-06-30T12:29:30Z">
          <reporter-output>
          </reporter-output>
        </test-method> <!-- remove -->
        <test-method status="PASS" signature="label_button_Check()[pri:3, instance:highlevelautomation.AutomationProject@57baeedf]" name="label_button_Check" duration-ms="123" started-at="2018-06-30T12:29:30Z" finished-at="2018-06-30T12:29:30Z">
          <reporter-output>
          </reporter-output>
        </test-method> <!-- label_button_Check -->
        <test-method status="PASS" signature="rowCSVUnix_Check()[pri:4, instance:highlevelautomation.AutomationProject@57baeedf]" name="rowCSVUnix_Check" duration-ms="75" started-at="2018-06-30T12:29:30Z" finished-at="2018-06-30T12:29:30Z">
          <reporter-output>
          </reporter-output>
        </test-method> <!-- rowCSVUnix_Check -->
        <test-method status="PASS" signature="checked_Uncheked()[pri:5, instance:highlevelautomation.AutomationProject@57baeedf]" name="checked_Uncheked" duration-ms="58" started-at="2018-06-30T12:29:30Z" finished-at="2018-06-30T12:29:30Z">
          <reporter-output>
          </reporter-output>
        </test-method> <!-- checked_Uncheked -->
        <test-method status="PASS" signature="addCity()[pri:6, instance:highlevelautomation.AutomationProject@57baeedf]" name="addCity" duration-ms="2156" started-at="2018-06-30T12:29:30Z" finished-at="2018-06-30T12:29:32Z">
          <reporter-output>
          </reporter-output>
        </test-method> <!-- addCity -->
        <test-method status="PASS" signature="addCountry()[pri:7, instance:highlevelautomation.AutomationProject@57baeedf]" name="addCountry" duration-ms="4527" started-at="2018-06-30T12:29:32Z" finished-at="2018-06-30T12:29:37Z">
          <reporter-output>
          </reporter-output>
        </test-method> <!-- addCountry -->
        <test-method status="PASS" signature="downloadData()[pri:8, instance:highlevelautomation.AutomationProject@57baeedf]" name="downloadData" duration-ms="1879" started-at="2018-06-30T12:29:37Z" finished-at="2018-06-30T12:29:38Z">
          <reporter-output>
          </reporter-output>
        </test-method> <!-- downloadData -->
        <test-method status="PASS" signature="uploadFileToEclipse()[pri:9, instance:highlevelautomation.AutomationProject@57baeedf]" name="uploadFileToEclipse" duration-ms="130" started-at="2018-06-30T12:29:38Z" finished-at="2018-06-30T12:29:39Z">
          <reporter-output>
          </reporter-output>
        </test-method> <!-- uploadFileToEclipse -->
        <test-method status="PASS" signature="tearDown()[pri:0, instance:highlevelautomation.AutomationProject@57baeedf]" name="tearDown" is-config="true" duration-ms="2166" started-at="2018-06-30T12:29:39Z" finished-at="2018-06-30T12:29:41Z">
          <reporter-output>
          </reporter-output>
        </test-method> <!-- tearDown -->
      </class> <!-- highlevelautomation.AutomationProject -->
    </test> <!-- Default test -->
  </suite> <!-- Default suite -->
</testng-results>
